2023-07-13 07:25:55,376 - root - DEBUG - Epoch 000 | Step 000000010 | Loss 19.167409896850586
2023-07-13 07:25:58,230 - root - DEBUG - Epoch 000 | Step 000000020 | Loss 12.348152160644531
2023-07-13 07:26:01,096 - root - DEBUG - Epoch 000 | Step 000000030 | Loss 13.650140762329102
2023-07-13 07:26:03,959 - root - DEBUG - Epoch 000 | Step 000000040 | Loss 15.024443626403809
2023-07-13 07:26:06,825 - root - DEBUG - Epoch 000 | Step 000000050 | Loss 17.782602310180664
2023-07-13 07:26:09,695 - root - DEBUG - Epoch 000 | Step 000000060 | Loss 8.249792098999023
2023-07-13 07:26:12,567 - root - DEBUG - Epoch 000 | Step 000000070 | Loss 13.657164573669434
2023-07-13 07:26:15,438 - root - DEBUG - Epoch 000 | Step 000000080 | Loss 10.405754089355469
2023-07-13 07:26:18,313 - root - DEBUG - Epoch 000 | Step 000000090 | Loss 10.575860023498535
2023-07-13 07:26:21,187 - root - DEBUG - Epoch 000 | Step 000000100 | Loss 6.703732490539551
2023-07-13 07:26:24,236 - root - DEBUG - Epoch 000 | Step 000000110 | Loss 6.749135494232178
2023-07-13 07:26:27,118 - root - DEBUG - Epoch 000 | Step 000000120 | Loss 7.078810691833496
2023-07-13 07:26:28,602 - root - DEBUG - Epoch 0 | Average Loss: 12.842093975067138
2023-07-13 07:26:30,451 - root - DEBUG - Validation Accuracy: 81.40% | Validation loss: 17.852235823869705
2023-07-13 07:26:32,318 - root - DEBUG - Epoch 001 | Step 000000130 | Loss 10.112491607666016
2023-07-13 07:26:35,197 - root - DEBUG - Epoch 001 | Step 000000140 | Loss 7.676755428314209
2023-07-13 07:26:38,081 - root - DEBUG - Epoch 001 | Step 000000150 | Loss 4.184192657470703
2023-07-13 07:26:40,963 - root - DEBUG - Epoch 001 | Step 000000160 | Loss 4.987006187438965
2023-07-13 07:26:43,846 - root - DEBUG - Epoch 001 | Step 000000170 | Loss 3.129211902618408
2023-07-13 07:26:46,741 - root - DEBUG - Epoch 001 | Step 000000180 | Loss 9.007987976074219
2023-07-13 07:26:49,631 - root - DEBUG - Epoch 001 | Step 000000190 | Loss 6.1021013259887695
2023-07-13 07:26:52,524 - root - DEBUG - Epoch 001 | Step 000000200 | Loss 4.17845344543457
2023-07-13 07:26:55,483 - root - DEBUG - Epoch 001 | Step 000000210 | Loss 3.6753857135772705
2023-07-13 07:26:58,373 - root - DEBUG - Epoch 001 | Step 000000220 | Loss 4.178870677947998
2023-07-13 07:27:01,259 - root - DEBUG - Epoch 001 | Step 000000230 | Loss 4.366436004638672
2023-07-13 07:27:04,155 - root - DEBUG - Epoch 001 | Step 000000240 | Loss 13.524932861328125
2023-07-13 07:27:07,038 - root - DEBUG - Epoch 001 | Step 000000250 | Loss 4.459773063659668
2023-07-13 07:27:07,094 - root - DEBUG - Epoch 1 | Average Loss: 6.305359739303589
2023-07-13 07:27:08,938 - root - DEBUG - Validation Accuracy: 80.40% | Validation loss: 15.352086659520864
2023-07-13 07:27:12,262 - root - DEBUG - Epoch 002 | Step 000000260 | Loss 3.754164695739746
2023-07-13 07:27:15,151 - root - DEBUG - Epoch 002 | Step 000000270 | Loss 4.356343746185303
2023-07-13 07:27:18,039 - root - DEBUG - Epoch 002 | Step 000000280 | Loss 3.010326623916626
2023-07-13 07:27:20,932 - root - DEBUG - Epoch 002 | Step 000000290 | Loss 2.37641978263855
2023-07-13 07:27:23,825 - root - DEBUG - Epoch 002 | Step 000000300 | Loss 4.508007049560547
2023-07-13 07:27:26,791 - root - DEBUG - Epoch 002 | Step 000000310 | Loss 3.4185690879821777
2023-07-13 07:27:29,689 - root - DEBUG - Epoch 002 | Step 000000320 | Loss 10.587013244628906
2023-07-13 07:27:32,578 - root - DEBUG - Epoch 002 | Step 000000330 | Loss 3.0054426193237305
2023-07-13 07:27:35,480 - root - DEBUG - Epoch 002 | Step 000000340 | Loss 4.078929901123047
2023-07-13 07:27:38,380 - root - DEBUG - Epoch 002 | Step 000000350 | Loss 5.266733169555664
2023-07-13 07:27:41,274 - root - DEBUG - Epoch 002 | Step 000000360 | Loss 2.8220295906066895
2023-07-13 07:27:44,179 - root - DEBUG - Epoch 002 | Step 000000370 | Loss 7.274133682250977
2023-07-13 07:27:45,676 - root - DEBUG - Epoch 2 | Average Loss: 5.216398072719574
2023-07-13 07:27:47,522 - root - DEBUG - Validation Accuracy: 94.40% | Validation loss: 4.632776457816362
2023-07-14 07:49:08,105 - root - DEBUG - Epoch 000 | Step 000000010 | Loss 17.657732009887695
2023-07-14 07:49:11,027 - root - DEBUG - Epoch 000 | Step 000000020 | Loss 13.558749198913574
2023-07-14 07:49:13,935 - root - DEBUG - Epoch 000 | Step 000000030 | Loss 9.183769226074219
2023-07-14 07:49:16,862 - root - DEBUG - Epoch 000 | Step 000000040 | Loss 14.585198402404785
2023-07-14 07:49:19,790 - root - DEBUG - Epoch 000 | Step 000000050 | Loss 11.45033073425293
2023-07-14 07:49:22,721 - root - DEBUG - Epoch 000 | Step 000000060 | Loss 14.710638046264648
2023-07-14 07:49:25,667 - root - DEBUG - Epoch 000 | Step 000000070 | Loss 10.808404922485352
2023-07-14 07:49:28,601 - root - DEBUG - Epoch 000 | Step 000000080 | Loss 10.022764205932617
2023-07-14 07:49:31,546 - root - DEBUG - Epoch 000 | Step 000000090 | Loss 11.764381408691406
2023-07-14 07:49:34,486 - root - DEBUG - Epoch 000 | Step 000000100 | Loss 7.0387420654296875
2023-07-14 07:49:37,549 - root - DEBUG - Epoch 000 | Step 000000110 | Loss 11.155972480773926
2023-07-14 07:49:40,519 - root - DEBUG - Epoch 000 | Step 000000120 | Loss 7.655764579772949
2023-07-14 07:49:58,397 - root - DEBUG - ----- Epoch 000 | Training Accuracy: 89.72% | Average Loss: 12.70083002090454
2023-07-14 07:50:01,152 - root - DEBUG - ----- Validation Accuracy: 88.80% | Validation loss: 7.591622419655323
2023-07-14 07:50:03,484 - root - DEBUG - Epoch 001 | Step 000000130 | Loss 3.8615546226501465
2023-07-14 07:50:06,439 - root - DEBUG - Epoch 001 | Step 000000140 | Loss 18.355051040649414
2023-07-14 07:50:09,400 - root - DEBUG - Epoch 001 | Step 000000150 | Loss 9.062760353088379
2023-07-14 07:50:12,366 - root - DEBUG - Epoch 001 | Step 000000160 | Loss 4.105216026306152
2023-07-14 07:50:15,331 - root - DEBUG - Epoch 001 | Step 000000170 | Loss 12.09327507019043
2023-07-14 07:50:18,293 - root - DEBUG - Epoch 001 | Step 000000180 | Loss 6.085443496704102
2023-07-14 07:50:21,269 - root - DEBUG - Epoch 001 | Step 000000190 | Loss 5.613879203796387
2023-07-14 07:50:24,235 - root - DEBUG - Epoch 001 | Step 000000200 | Loss 2.90539813041687
2023-07-14 07:50:27,294 - root - DEBUG - Epoch 001 | Step 000000210 | Loss 5.0060715675354
2023-07-14 07:50:30,271 - root - DEBUG - Epoch 001 | Step 000000220 | Loss 3.6293797492980957
2023-07-14 07:51:01,024 - root - DEBUG - Epoch 000 | Step 000000010 | Loss 15.6646146774292
2023-07-14 07:51:03,968 - root - DEBUG - Epoch 000 | Step 000000020 | Loss 16.272520065307617
2023-07-14 07:51:06,919 - root - DEBUG - Epoch 000 | Step 000000030 | Loss 16.715862274169922
2023-07-14 07:51:09,872 - root - DEBUG - Epoch 000 | Step 000000040 | Loss 16.270549774169922
2023-07-14 07:51:12,828 - root - DEBUG - Epoch 000 | Step 000000050 | Loss 13.295951843261719
2023-07-14 07:51:15,787 - root - DEBUG - Epoch 000 | Step 000000060 | Loss 22.083097457885742
2023-07-14 07:51:18,745 - root - DEBUG - Epoch 000 | Step 000000070 | Loss 15.212678909301758
2023-07-14 07:51:21,703 - root - DEBUG - Epoch 000 | Step 000000080 | Loss 9.944517135620117
2023-07-14 07:51:24,663 - root - DEBUG - Epoch 000 | Step 000000090 | Loss 10.474422454833984
2023-07-14 07:51:27,635 - root - DEBUG - Epoch 000 | Step 000000100 | Loss 15.599874496459961
2023-07-14 07:51:30,712 - root - DEBUG - Epoch 000 | Step 000000110 | Loss 8.204944610595703
2023-07-14 07:51:33,691 - root - DEBUG - Epoch 000 | Step 000000120 | Loss 9.533910751342773
2023-07-14 07:51:46,951 - root - DEBUG - ----- Epoch 000 | Training Accuracy: 88.98% | Average Loss: 14.360097854614258
2023-07-14 07:51:48,859 - root - DEBUG - ----- Validation Accuracy: 88.80% | Validation loss: 8.35506372526288
2023-07-14 07:51:50,766 - root - DEBUG - ----- Test Accuracy: 89.20%
2023-07-14 07:51:52,703 - root - DEBUG - Epoch 001 | Step 000000130 | Loss 7.70523738861084
2023-07-14 07:51:55,669 - root - DEBUG - Epoch 001 | Step 000000140 | Loss 10.210341453552246
2023-07-14 07:51:58,634 - root - DEBUG - Epoch 001 | Step 000000150 | Loss 11.709012031555176
2023-07-14 07:52:01,601 - root - DEBUG - Epoch 001 | Step 000000160 | Loss 6.085492134094238
2023-07-14 07:52:04,563 - root - DEBUG - Epoch 001 | Step 000000170 | Loss 8.916717529296875
2023-07-14 07:52:07,526 - root - DEBUG - Epoch 001 | Step 000000180 | Loss 8.54525089263916
2023-07-14 07:52:10,498 - root - DEBUG - Epoch 001 | Step 000000190 | Loss 2.851039171218872
2023-07-14 07:52:13,482 - root - DEBUG - Epoch 001 | Step 000000200 | Loss 8.307060241699219
2023-07-14 07:52:16,576 - root - DEBUG - Epoch 001 | Step 000000210 | Loss 5.702252388000488
2023-07-14 07:52:19,544 - root - DEBUG - Epoch 001 | Step 000000220 | Loss 4.785113334655762
2023-07-14 07:52:22,503 - root - DEBUG - Epoch 001 | Step 000000230 | Loss 3.764105796813965
2023-07-14 07:52:25,471 - root - DEBUG - Epoch 001 | Step 000000240 | Loss 9.665444374084473
2023-07-14 07:52:28,436 - root - DEBUG - Epoch 001 | Step 000000250 | Loss 5.664120674133301
2023-07-14 07:52:40,180 - root - DEBUG - ----- Epoch 001 | Training Accuracy: 90.10% | Average Loss: 7.013443096160889
2023-07-14 07:52:42,055 - root - DEBUG - ----- Validation Accuracy: 87.40% | Validation loss: 8.753307964652777
2023-07-14 07:52:43,935 - root - DEBUG - ----- Test Accuracy: 90.00%
2023-07-14 07:52:47,360 - root - DEBUG - Epoch 002 | Step 000000260 | Loss 3.0915236473083496
2023-07-14 07:52:50,328 - root - DEBUG - Epoch 002 | Step 000000270 | Loss 4.522974491119385
2023-07-14 07:52:53,285 - root - DEBUG - Epoch 002 | Step 000000280 | Loss 4.549676895141602
2023-07-14 07:52:56,252 - root - DEBUG - Epoch 002 | Step 000000290 | Loss 4.135852813720703
2023-07-14 07:52:59,208 - root - DEBUG - Epoch 002 | Step 000000300 | Loss 10.728780746459961
2023-07-14 07:53:02,251 - root - DEBUG - Epoch 002 | Step 000000310 | Loss 6.642817497253418
2023-07-14 07:53:05,209 - root - DEBUG - Epoch 002 | Step 000000320 | Loss 2.916426658630371
2023-07-14 07:53:08,167 - root - DEBUG - Epoch 002 | Step 000000330 | Loss 5.368634223937988
2023-07-14 07:53:11,117 - root - DEBUG - Epoch 002 | Step 000000340 | Loss 9.954781532287598
2023-07-14 07:53:14,074 - root - DEBUG - Epoch 002 | Step 000000350 | Loss 4.628969192504883
2023-07-14 07:53:17,031 - root - DEBUG - Epoch 002 | Step 000000360 | Loss 3.4576973915100098
2023-07-14 07:53:19,981 - root - DEBUG - Epoch 002 | Step 000000370 | Loss 8.344168663024902
2023-07-14 07:53:33,203 - root - DEBUG - ----- Epoch 002 | Training Accuracy: 91.22% | Average Loss: 5.7527050762176515
2023-07-14 07:53:35,107 - root - DEBUG - ----- Validation Accuracy: 89.60% | Validation loss: 7.215515352785587
2023-07-14 07:53:36,991 - root - DEBUG - ----- Test Accuracy: 92.20%
2023-07-14 07:53:38,919 - root - DEBUG - Epoch 003 | Step 000000380 | Loss 4.861968994140625
2023-07-14 07:53:41,864 - root - DEBUG - Epoch 003 | Step 000000390 | Loss 10.384580612182617
2023-07-14 07:53:44,820 - root - DEBUG - Epoch 003 | Step 000000400 | Loss 4.4277215003967285
2023-07-14 07:53:47,853 - root - DEBUG - Epoch 003 | Step 000000410 | Loss 3.5225698947906494
2023-07-14 07:53:50,798 - root - DEBUG - Epoch 003 | Step 000000420 | Loss 3.074430465698242
2023-07-14 07:53:53,746 - root - DEBUG - Epoch 003 | Step 000000430 | Loss 4.528269290924072
2023-07-14 07:53:56,701 - root - DEBUG - Epoch 003 | Step 000000440 | Loss 4.688793182373047
2023-07-14 07:53:59,649 - root - DEBUG - Epoch 003 | Step 000000450 | Loss 3.2376623153686523
2023-07-14 07:54:02,599 - root - DEBUG - Epoch 003 | Step 000000460 | Loss 9.440055847167969
2023-07-14 07:54:05,550 - root - DEBUG - Epoch 003 | Step 000000470 | Loss 7.003106117248535
2023-07-14 07:54:08,499 - root - DEBUG - Epoch 003 | Step 000000480 | Loss 5.802646160125732
2023-07-14 07:54:11,447 - root - DEBUG - Epoch 003 | Step 000000490 | Loss 2.740514039993286
2023-07-14 07:54:14,387 - root - DEBUG - Epoch 003 | Step 000000500 | Loss 5.804660797119141
2023-07-14 07:54:26,191 - root - DEBUG - ----- Epoch 003 | Training Accuracy: 88.78% | Average Loss: 4.817806712150574
2023-07-14 07:54:28,069 - root - DEBUG - ----- Validation Accuracy: 88.60% | Validation loss: 9.676902860403061
2023-07-14 07:54:29,943 - root - DEBUG - ----- Test Accuracy: 89.60%
2023-07-14 07:54:33,342 - root - DEBUG - Epoch 004 | Step 000000510 | Loss 2.750303268432617
2023-07-14 07:54:36,288 - root - DEBUG - Epoch 004 | Step 000000520 | Loss 5.821453094482422
2023-07-14 07:54:39,231 - root - DEBUG - Epoch 004 | Step 000000530 | Loss 4.51264762878418
2023-07-14 07:54:42,177 - root - DEBUG - Epoch 004 | Step 000000540 | Loss 1.8087247610092163
2023-07-14 07:54:45,133 - root - DEBUG - Epoch 004 | Step 000000550 | Loss 4.572468280792236
2023-07-14 07:54:48,078 - root - DEBUG - Epoch 004 | Step 000000560 | Loss 0.9584743976593018
2023-07-14 07:54:51,029 - root - DEBUG - Epoch 004 | Step 000000570 | Loss 3.838559627532959
2023-07-14 07:54:53,975 - root - DEBUG - Epoch 004 | Step 000000580 | Loss 1.8327734470367432
2023-07-14 07:54:56,925 - root - DEBUG - Epoch 004 | Step 000000590 | Loss 1.4187214374542236
2023-07-14 07:54:59,872 - root - DEBUG - Epoch 004 | Step 000000600 | Loss 4.4180755615234375
2023-07-14 07:55:02,897 - root - DEBUG - Epoch 004 | Step 000000610 | Loss 1.486089825630188
2023-07-14 07:55:05,842 - root - DEBUG - Epoch 004 | Step 000000620 | Loss 7.322470188140869
2023-07-14 07:55:19,003 - root - DEBUG - ----- Epoch 004 | Training Accuracy: 96.88% | Average Loss: 3.8426883172988893
2023-07-14 07:55:20,892 - root - DEBUG - ----- Validation Accuracy: 95.20% | Validation loss: 4.372752193361521
2023-07-14 07:55:22,752 - root - DEBUG - ----- Test Accuracy: 96.60%
2023-07-17 01:54:48,879 - root - DEBUG - Epoch 000 | Step 000000010 | Loss 22.167001724243164
2023-07-17 01:54:51,770 - root - DEBUG - Epoch 000 | Step 000000020 | Loss 16.934228897094727
2023-07-17 01:54:54,661 - root - DEBUG - Epoch 000 | Step 000000030 | Loss 16.28172492980957
2023-07-17 01:54:57,554 - root - DEBUG - Epoch 000 | Step 000000040 | Loss 14.355918884277344
2023-07-17 01:55:00,451 - root - DEBUG - Epoch 000 | Step 000000050 | Loss 20.238000869750977
2023-07-17 01:55:03,356 - root - DEBUG - Epoch 000 | Step 000000060 | Loss 10.462869644165039
2023-07-17 01:55:06,266 - root - DEBUG - Epoch 000 | Step 000000070 | Loss 14.976778984069824
2023-07-17 01:55:09,170 - root - DEBUG - Epoch 000 | Step 000000080 | Loss 11.667450904846191
2023-07-17 01:55:12,078 - root - DEBUG - Epoch 000 | Step 000000090 | Loss 13.4061861038208
2023-07-17 01:55:14,986 - root - DEBUG - Epoch 000 | Step 000000100 | Loss 14.550559997558594
2023-07-17 01:55:18,025 - root - DEBUG - Epoch 000 | Step 000000110 | Loss 10.474270820617676
2023-07-17 01:55:20,936 - root - DEBUG - Epoch 000 | Step 000000120 | Loss 10.014226913452148
2023-07-17 01:55:34,000 - root - DEBUG - ----- Epoch 000 | Training Accuracy: 80.00% | Average Loss: 15.874187152862548
2023-07-17 01:55:35,894 - root - DEBUG - ----- Validation Accuracy: 80.00% | Validation loss: 11.31369224190712
2023-07-17 01:55:37,776 - root - DEBUG - ----- Test Accuracy: 80.00%
2023-07-17 01:55:39,673 - root - DEBUG - Epoch 001 | Step 000000130 | Loss 11.944830894470215
2023-07-17 01:55:42,598 - root - DEBUG - Epoch 001 | Step 000000140 | Loss 9.167863845825195
2023-07-17 01:55:45,510 - root - DEBUG - Epoch 001 | Step 000000150 | Loss 11.818047523498535
2023-07-17 01:55:48,433 - root - DEBUG - Epoch 001 | Step 000000160 | Loss 9.375669479370117
2023-07-17 01:55:51,353 - root - DEBUG - Epoch 001 | Step 000000170 | Loss 7.990981578826904
2023-07-17 01:55:54,280 - root - DEBUG - Epoch 001 | Step 000000180 | Loss 5.784819602966309
2023-07-17 01:55:57,212 - root - DEBUG - Epoch 001 | Step 000000190 | Loss 9.43929386138916
2023-07-17 01:56:00,128 - root - DEBUG - Epoch 001 | Step 000000200 | Loss 13.340962409973145
2023-07-17 01:56:03,218 - root - DEBUG - Epoch 001 | Step 000000210 | Loss 11.87320327758789
2023-07-17 01:56:06,146 - root - DEBUG - Epoch 001 | Step 000000220 | Loss 5.252476692199707
2023-07-17 01:56:09,074 - root - DEBUG - Epoch 001 | Step 000000230 | Loss 4.754169464111328
2023-07-17 01:56:11,999 - root - DEBUG - Epoch 001 | Step 000000240 | Loss 11.90053939819336
2023-07-17 01:56:14,938 - root - DEBUG - Epoch 001 | Step 000000250 | Loss 7.202903747558594
2023-07-17 01:56:26,556 - root - DEBUG - ----- Epoch 001 | Training Accuracy: 90.58% | Average Loss: 9.51420119190216
2023-07-17 01:56:28,433 - root - DEBUG - ----- Validation Accuracy: 88.60% | Validation loss: 9.013183429837227
2023-07-17 01:56:30,288 - root - DEBUG - ----- Test Accuracy: 87.00%
2023-07-17 01:56:33,690 - root - DEBUG - Epoch 002 | Step 000000260 | Loss 6.456988334655762
2023-07-17 01:56:36,625 - root - DEBUG - Epoch 002 | Step 000000270 | Loss 8.501158714294434
2023-07-17 01:56:39,559 - root - DEBUG - Epoch 002 | Step 000000280 | Loss 6.296174049377441
2023-07-17 01:56:42,492 - root - DEBUG - Epoch 002 | Step 000000290 | Loss 5.505828857421875
2023-07-17 01:56:45,422 - root - DEBUG - Epoch 002 | Step 000000300 | Loss 3.8314013481140137
2023-07-17 01:56:48,434 - root - DEBUG - Epoch 002 | Step 000000310 | Loss 3.09787654876709
2023-07-17 01:56:51,366 - root - DEBUG - Epoch 002 | Step 000000320 | Loss 6.714478969573975
2023-07-17 01:56:54,288 - root - DEBUG - Epoch 002 | Step 000000330 | Loss 4.468512535095215
2023-07-17 01:56:57,216 - root - DEBUG - Epoch 002 | Step 000000340 | Loss 5.589224338531494
2023-07-17 01:57:00,153 - root - DEBUG - Epoch 002 | Step 000000350 | Loss 5.4185895919799805
2023-07-17 01:57:03,091 - root - DEBUG - Epoch 002 | Step 000000360 | Loss 4.789661407470703
2023-07-17 01:57:06,031 - root - DEBUG - Epoch 002 | Step 000000370 | Loss 8.47156047821045
2023-07-17 01:57:19,120 - root - DEBUG - ----- Epoch 002 | Training Accuracy: 88.60% | Average Loss: 6.003379239082337
2023-07-17 01:57:20,988 - root - DEBUG - ----- Validation Accuracy: 89.00% | Validation loss: 8.211807202547789
2023-07-17 01:57:22,843 - root - DEBUG - ----- Test Accuracy: 89.80%
2023-07-17 01:57:24,738 - root - DEBUG - Epoch 003 | Step 000000380 | Loss 4.499014854431152
2023-07-17 01:57:27,664 - root - DEBUG - Epoch 003 | Step 000000390 | Loss 2.2195842266082764
2023-07-17 01:57:30,590 - root - DEBUG - Epoch 003 | Step 000000400 | Loss 8.57287883758545
2023-07-17 01:57:33,674 - root - DEBUG - Epoch 003 | Step 000000410 | Loss 5.885819435119629
2023-07-17 01:57:36,625 - root - DEBUG - Epoch 003 | Step 000000420 | Loss 2.127504825592041
2023-07-17 01:57:39,568 - root - DEBUG - Epoch 003 | Step 000000430 | Loss 7.067136287689209
2023-07-17 01:57:42,505 - root - DEBUG - Epoch 003 | Step 000000440 | Loss 4.053008079528809
2023-07-17 01:57:45,438 - root - DEBUG - Epoch 003 | Step 000000450 | Loss 2.370532751083374
2023-07-17 01:57:48,370 - root - DEBUG - Epoch 003 | Step 000000460 | Loss 4.871985912322998
2023-07-17 01:57:51,309 - root - DEBUG - Epoch 003 | Step 000000470 | Loss 2.344797134399414
2023-07-17 01:57:54,250 - root - DEBUG - Epoch 003 | Step 000000480 | Loss 2.8798670768737793
2023-07-17 01:57:57,187 - root - DEBUG - Epoch 003 | Step 000000490 | Loss 4.6042304039001465
2023-07-17 01:58:00,117 - root - DEBUG - Epoch 003 | Step 000000500 | Loss 1.9570834636688232
2023-07-17 01:58:11,899 - root - DEBUG - ----- Epoch 003 | Training Accuracy: 92.33% | Average Loss: 4.701284435272217
2023-07-17 01:58:13,743 - root - DEBUG - ----- Validation Accuracy: 91.00% | Validation loss: 7.5796816274523735
2023-07-17 01:58:15,601 - root - DEBUG - ----- Test Accuracy: 91.80%
2023-07-17 01:58:19,022 - root - DEBUG - Epoch 004 | Step 000000510 | Loss 1.764864444732666
2023-07-17 01:58:21,951 - root - DEBUG - Epoch 004 | Step 000000520 | Loss 2.206214427947998
2023-07-17 01:58:24,890 - root - DEBUG - Epoch 004 | Step 000000530 | Loss 11.363182067871094
2023-07-17 01:58:27,831 - root - DEBUG - Epoch 004 | Step 000000540 | Loss 3.155590295791626
2023-07-17 01:58:30,760 - root - DEBUG - Epoch 004 | Step 000000550 | Loss 2.58183217048645
2023-07-17 01:58:33,687 - root - DEBUG - Epoch 004 | Step 000000560 | Loss 7.7853498458862305
2023-07-17 01:58:36,614 - root - DEBUG - Epoch 004 | Step 000000570 | Loss 1.9695611000061035
2023-07-17 01:58:39,564 - root - DEBUG - Epoch 004 | Step 000000580 | Loss 3.1196675300598145
2023-07-17 01:58:42,513 - root - DEBUG - Epoch 004 | Step 000000590 | Loss 4.903251647949219
2023-07-17 01:58:45,439 - root - DEBUG - Epoch 004 | Step 000000600 | Loss 2.126730442047119
2023-07-17 01:58:48,478 - root - DEBUG - Epoch 004 | Step 000000610 | Loss 3.3051705360412598
2023-07-17 01:58:51,413 - root - DEBUG - Epoch 004 | Step 000000620 | Loss 10.206769943237305
2023-07-17 01:59:04,531 - root - DEBUG - ----- Epoch 004 | Training Accuracy: 95.95% | Average Loss: 4.294086124897003
2023-07-17 01:59:06,409 - root - DEBUG - ----- Validation Accuracy: 93.80% | Validation loss: 4.49329949170351
2023-07-17 01:59:08,297 - root - DEBUG - ----- Test Accuracy: 95.60%
